[Fri, 17 May 19 00:32:49 +0000][INFO] User with email [dev.jeraldfeller@gmail.com] has successfully registered.
[Fri, 17 May 19 01:11:12 +0000][INFO] User with email [dev.jeraldfeller@gmail.com] has successfully registered.
[Fri, 17 May 19 01:28:30 +0000][INFO] User with email [dev.jeraldfeller@gmail.com] has successfully registered.
[Fri, 17 May 19 01:32:58 +0000][INFO] User with email [dev.jeraldfeller@gmail.com] has successfully registered.
[Fri, 17 May 19 01:51:25 +0000][INFO] User with email [dev.jeraldfeller@gmail.com] has successfully registered.
[Fri, 17 May 19 02:05:49 +0000][INFO] User with email [dev.jeraldfeller@gmail.com] has successfully registered.
[Fri, 17 May 19 02:36:17 +0000][ERROR] Could not signup user [dev.jeraldfeller@gmail.com]. (Model error: Array
(
    [0] => Phalcon\Mvc\Model\Message Object
        (
            [_type:protected] => PresenceOf
            [_message:protected] => onboarding_alerts is required
            [_field:protected] => onboarding_alerts
            [_model:protected] => 
            [_code:protected] => 0
        )

    [1] => Phalcon\Mvc\Model\Message Object
        (
            [_type:protected] => PresenceOf
            [_message:protected] => onboarding_filter is required
            [_field:protected] => onboarding_filter
            [_model:protected] => 
            [_code:protected] => 0
        )

)
)
[Fri, 17 May 19 02:37:14 +0000][INFO] User with email [dev.jeraldfeller@gmail.com] has successfully registered.
[Fri, 17 May 19 03:06:23 +0000][INFO] User with email [dev.jeraldfeller@gmail.com] has successfully registered.
[Fri, 17 May 19 03:39:56 +0000][INFO] User with email [dev.jeraldfeller@gmail.com] has successfully registered.
[Fri, 17 May 19 03:42:27 +0000][INFO] User with email [dev.jeraldfeller@gmail.com] has successfully registered.
[Fri, 17 May 19 03:52:18 +0000][INFO] User with email [dev.jeraldfeller@gmail.com] has successfully registered.
[Fri, 17 May 19 03:58:07 +0000][INFO] User with email [dev.jeraldfeller@gmail.com] has successfully registered.
[Fri, 17 May 19 04:46:44 +0000][INFO] User with email [dev.jeraldfeller@gmail.com] has successfully registered.
